<?xml version="1.0" encoding="utf-8"?><testsuites name="pytest tests"><testsuite name="pytest" errors="0" failures="0" skipped="0" tests="3" time="28.446" timestamp="2026-06-07T19:00:32.764614+00:00" hostname="agent-env-5f7bacee-6a52-42cd-933a-e9a780b7f563"><testcase classname="backend.tests.test_case_flow" name="test_full_case_flow_resolves" time="28.064" /><testcase classname="backend.tests.test_case_flow" name="test_submit_wrong_stage_returns_400" time="0.253" /><testcase classname="backend.tests.test_case_flow" name="test_get_unknown_case_returns_404" time="0.105" /></testsuite></testsuites>