<?xml version="1.0" encoding="utf-8"?><testsuites name="pytest tests"><testsuite name="pytest" errors="0" failures="0" skipped="0" tests="9" time="28.142" timestamp="2026-06-07T19:01:05.680099+00:00" hostname="agent-env-5f7bacee-6a52-42cd-933a-e9a780b7f563"><testcase classname="backend.tests.test_case_flow" name="test_full_case_flow_resolves" time="25.217" /><testcase classname="backend.tests.test_case_flow" name="test_submit_wrong_stage_returns_400" time="0.270" /><testcase classname="backend.tests.test_case_flow" name="test_get_unknown_case_returns_404" time="0.114" /><testcase classname="backend.tests.test_health" name="test_root_ok" time="0.102" /><testcase classname="backend.tests.test_stats" name="test_stats_fresh_user_zero" time="0.099" /><testcase classname="backend.tests.test_stats" name="test_stats_after_creating_case" time="0.180" /><testcase classname="backend.tests.test_transcribe" name="test_transcribe_valid_audio_returns_text" time="0.873" /><testcase classname="backend.tests.test_transcribe" name="test_transcribe_empty_file_returns_400" time="0.104" /><testcase classname="backend.tests.test_transcribe" name="test_transcribe_too_large_returns_400" time="1.159" /></testsuite></testsuites>