<?xml version="1.0" encoding="utf-8"?><testsuites name="pytest tests"><testsuite name="pytest" errors="0" failures="0" skipped="0" tests="6" time="4.729" timestamp="2026-06-07T19:00:22.839334+00:00" hostname="agent-env-5f7bacee-6a52-42cd-933a-e9a780b7f563"><testcase classname="backend.tests.test_health" name="test_root_ok" time="0.315" /><testcase classname="backend.tests.test_transcribe" name="test_transcribe_valid_audio_returns_text" time="2.854" /><testcase classname="backend.tests.test_transcribe" name="test_transcribe_empty_file_returns_400" time="0.136" /><testcase classname="backend.tests.test_transcribe" name="test_transcribe_too_large_returns_400" time="0.975" /><testcase classname="backend.tests.test_stats" name="test_stats_fresh_user_zero" time="0.181" /><testcase classname="backend.tests.test_stats" name="test_stats_after_creating_case" time="0.236" /></testsuite></testsuites>